<?xml version="1.0" encoding="UTF-8"?>
<coverage generated="1588951732409" clover="3.2.0">
  <project timestamp="1588951732410" name="All files">
    <metrics statements="106" coveredstatements="87" conditionals="41" coveredconditionals="26" methods="20" coveredmethods="17" elements="167" coveredelements="130" complexity="0" loc="106" ncloc="106" packages="1" files="2" classes="2"/>
    <file name="factoryPlayer.js" path="C:\Users\USER\Microverse\tic-tac-toeJS\src\factoryPlayer.js">
      <metrics statements="2" coveredstatements="2" conditionals="0" coveredconditionals="0" methods="1" coveredmethods="1"/>
      <line num="3" count="2" type="stmt"/>
      <line num="4" count="2" type="stmt"/>
    </file>
    <file name="script.js" path="C:\Users\USER\Microverse\tic-tac-toeJS\src\script.js">
      <metrics statements="104" coveredstatements="85" conditionals="41" coveredconditionals="26" methods="19" coveredmethods="16"/>
      <line num="6" count="4" type="stmt"/>
      <line num="10" count="1" type="stmt"/>
      <line num="11" count="0" type="stmt"/>
      <line num="12" count="0" type="stmt"/>
      <line num="14" count="1" type="stmt"/>
      <line num="15" count="3" type="stmt"/>
      <line num="16" count="3" type="stmt"/>
      <line num="18" count="3" type="stmt"/>
      <line num="20" count="3" type="stmt"/>
      <line num="21" count="1036029" type="stmt"/>
      <line num="31" count="1036029" type="stmt"/>
      <line num="32" count="9324261" type="cond" truecount="2" falsecount="0"/>
      <line num="33" count="1036029" type="stmt"/>
      <line num="34" count="1036029" type="stmt"/>
      <line num="35" count="13015745" type="cond" truecount="2" falsecount="0"/>
      <line num="36" count="224904" type="stmt"/>
      <line num="39" count="1036029" type="stmt"/>
      <line num="45" count="9" type="stmt"/>
      <line num="46" count="1" type="cond" truecount="1" falsecount="1"/>
      <line num="47" count="1" type="stmt"/>
      <line num="51" count="557530" type="stmt"/>
      <line num="52" count="5017770" type="stmt"/>
      <line num="53" count="557530" type="cond" truecount="2" falsecount="0"/>
      <line num="54" count="79036" type="stmt"/>
      <line num="56" count="478494" type="cond" truecount="2" falsecount="0"/>
      <line num="57" count="133016" type="stmt"/>
      <line num="58" count="345478" type="cond" truecount="2" falsecount="0"/>
      <line num="59" count="46656" type="stmt"/>
      <line num="62" count="298822" type="stmt"/>
      <line num="64" count="298822" type="stmt"/>
      <line num="65" count="557528" type="stmt"/>
      <line num="66" count="557528" type="stmt"/>
      <line num="67" count="557528" type="stmt"/>
      <line num="69" count="557528" type="cond" truecount="2" falsecount="0"/>
      <line num="70" count="295678" type="stmt"/>
      <line num="71" count="295678" type="stmt"/>
      <line num="73" count="261850" type="stmt"/>
      <line num="74" count="261850" type="stmt"/>
      <line num="76" count="557528" type="stmt"/>
      <line num="77" count="557528" type="stmt"/>
      <line num="81" count="298822" type="cond" truecount="2" falsecount="0"/>
      <line num="82" count="182816" type="stmt"/>
      <line num="84" count="182816" type="stmt"/>
      <line num="85" count="295678" type="cond" truecount="2" falsecount="0"/>
      <line num="86" count="206477" type="stmt"/>
      <line num="87" count="206477" type="stmt"/>
      <line num="91" count="116006" type="stmt"/>
      <line num="93" count="116006" type="stmt"/>
      <line num="94" count="261850" type="cond" truecount="2" falsecount="0"/>
      <line num="95" count="158907" type="stmt"/>
      <line num="96" count="158907" type="stmt"/>
      <line num="101" count="298822" type="stmt"/>
      <line num="104" count="3" type="stmt"/>
      <line num="105" count="1" type="cond" truecount="1" falsecount="1"/>
      <line num="106" count="1" type="stmt"/>
      <line num="109" count="3" type="stmt"/>
      <line num="110" count="0" type="cond" truecount="0" falsecount="2"/>
      <line num="111" count="0" type="stmt"/>
      <line num="112" count="0" type="cond" truecount="0" falsecount="2"/>
      <line num="113" count="0" type="stmt"/>
      <line num="114" count="0" type="cond" truecount="0" falsecount="2"/>
      <line num="115" count="0" type="stmt"/>
      <line num="119" count="3" type="stmt"/>
      <line num="120" count="2" type="stmt"/>
      <line num="121" count="2" type="stmt"/>
      <line num="122" count="2" type="stmt"/>
      <line num="123" count="0" type="stmt"/>
      <line num="124" count="0" type="cond" truecount="0" falsecount="2"/>
      <line num="125" count="0" type="stmt"/>
      <line num="126" count="0" type="stmt"/>
      <line num="128" count="0" type="cond" truecount="0" falsecount="2"/>
      <line num="129" count="0" type="stmt"/>
      <line num="130" count="0" type="stmt"/>
      <line num="132" count="0" type="stmt"/>
      <line num="137" count="3" type="stmt"/>
      <line num="138" count="4" type="stmt"/>
      <line num="139" count="4" type="stmt"/>
      <line num="140" count="4" type="cond" truecount="2" falsecount="0"/>
      <line num="141" count="1" type="stmt"/>
      <line num="142" count="1" type="stmt"/>
      <line num="144" count="4" type="cond" truecount="2" falsecount="0"/>
      <line num="147" count="1" type="cond" truecount="1" falsecount="1"/>
      <line num="148" count="0" type="stmt"/>
      <line num="151" count="1" type="stmt"/>
      <line num="152" count="1" type="stmt"/>
      <line num="156" count="1" type="cond" truecount="1" falsecount="1"/>
      <line num="157" count="0" type="stmt"/>
      <line num="159" count="3" type="stmt"/>
      <line num="169" count="3" type="stmt"/>
      <line num="170" count="2" type="stmt"/>
      <line num="171" count="1" type="stmt"/>
      <line num="173" count="1" type="stmt"/>
      <line num="174" count="0" type="stmt"/>
      <line num="176" count="1" type="stmt"/>
      <line num="177" count="1" type="stmt"/>
      <line num="179" count="1" type="stmt"/>
      <line num="186" count="3" type="stmt"/>
      <line num="187" count="2" type="stmt"/>
      <line num="190" count="3" type="cond" truecount="0" falsecount="1"/>
      <line num="191" count="1" type="stmt"/>
      <line num="192" count="1" type="stmt"/>
      <line num="196" count="3" type="stmt"/>
      <line num="201" count="1" type="stmt"/>
      <line num="203" count="1" type="stmt"/>
    </file>
  </project>
</coverage>
