{"C:\\Users\\USER\\Microverse\\tic-tac-toeJS\\src\\factoryPlayer.js": {"path":"C:\\Users\\USER\\Microverse\\tic-tac-toeJS\\src\\factoryPlayer.js","statementMap":{"0":{"start":{"line":3,"column":8},"end":{"line":3,"column":25}},"1":{"start":{"line":4,"column":8},"end":{"line":4,"column":26}}},"fnMap":{"0":{"name":"(anonymous_0)","decl":{"start":{"line":2,"column":4},"end":{"line":2,"column":5}},"loc":{"start":{"line":2,"column":22},"end":{"line":5,"column":5}},"line":2}},"branchMap":{},"s":{"0":2,"1":2},"f":{"0":2},"b":{},"_coverageSchema":"1a1c01bbd47fc00a2c39e90264f33305004495a9","hash":"46d13bc618e6b2c1d565e1924f34d337a0ac1dfd"}
,"C:\\Users\\USER\\Microverse\\tic-tac-toeJS\\src\\script.js": {"path":"C:\\Users\\USER\\Microverse\\tic-tac-toeJS\\src\\script.js","statementMap":{"0":{"start":{"line":6,"column":4},"end":{"line":6,"column":39}},"1":{"start":{"line":10,"column":0},"end":{"line":13,"column":2}},"2":{"start":{"line":11,"column":22},"end":{"line":11,"column":36}},"3":{"start":{"line":12,"column":4},"end":{"line":12,"column":37}},"4":{"start":{"line":14,"column":20},"end":{"line":199,"column":1}},"5":{"start":{"line":15,"column":22},"end":{"line":15,"column":49}},"6":{"start":{"line":16,"column":23},"end":{"line":16,"column":63}},"7":{"start":{"line":18,"column":15},"end":{"line":18,"column":20}},"8":{"start":{"line":20,"column":35},"end":{"line":42,"column":5}},"9":{"start":{"line":21,"column":38},"end":{"line":30,"column":9}},"10":{"start":{"line":31,"column":29},"end":{"line":32,"column":85}},"11":{"start":{"line":32,"column":12},"end":{"line":32,"column":79}},"12":{"start":{"line":33,"column":22},"end":{"line":33,"column":26}},"13":{"start":{"line":34,"column":8},"end":{"line":38,"column":11}},"14":{"start":{"line":35,"column":12},"end":{"line":37,"column":13}},"15":{"start":{"line":35,"column":34},"end":{"line":35,"column":64}},"16":{"start":{"line":36,"column":16},"end":{"line":36,"column":40}},"17":{"start":{"line":39,"column":8},"end":{"line":41,"column":10}},"18":{"start":{"line":45,"column":30},"end":{"line":45,"column":80}},"19":{"start":{"line":45,"column":55},"end":{"line":45,"column":79}},"20":{"start":{"line":46,"column":8},"end":{"line":46,"column":52}},"21":{"start":{"line":46,"column":40},"end":{"line":46,"column":52}},"22":{"start":{"line":47,"column":8},"end":{"line":47,"column":21}},"23":{"start":{"line":51,"column":29},"end":{"line":51,"column":38}},"24":{"start":{"line":52,"column":30},"end":{"line":52,"column":80}},"25":{"start":{"line":52,"column":55},"end":{"line":52,"column":79}},"26":{"start":{"line":53,"column":8},"end":{"line":60,"column":9}},"27":{"start":{"line":54,"column":12},"end":{"line":54,"column":34}},"28":{"start":{"line":56,"column":15},"end":{"line":60,"column":9}},"29":{"start":{"line":57,"column":12},"end":{"line":57,"column":33}},"30":{"start":{"line":58,"column":15},"end":{"line":60,"column":9}},"31":{"start":{"line":59,"column":12},"end":{"line":59,"column":32}},"32":{"start":{"line":62,"column":22},"end":{"line":62,"column":24}},"33":{"start":{"line":64,"column":8},"end":{"line":78,"column":9}},"34":{"start":{"line":64,"column":21},"end":{"line":64,"column":22}},"35":{"start":{"line":65,"column":25},"end":{"line":65,"column":27}},"36":{"start":{"line":66,"column":12},"end":{"line":66,"column":53}},"37":{"start":{"line":67,"column":12},"end":{"line":67,"column":52}},"38":{"start":{"line":69,"column":12},"end":{"line":75,"column":13}},"39":{"start":{"line":70,"column":31},"end":{"line":70,"column":47}},"40":{"start":{"line":71,"column":16},"end":{"line":71,"column":42}},"41":{"start":{"line":73,"column":31},"end":{"line":73,"column":47}},"42":{"start":{"line":74,"column":16},"end":{"line":74,"column":42}},"43":{"start":{"line":76,"column":12},"end":{"line":76,"column":56}},"44":{"start":{"line":77,"column":12},"end":{"line":77,"column":29}},"45":{"start":{"line":81,"column":8},"end":{"line":99,"column":9}},"46":{"start":{"line":82,"column":28},"end":{"line":82,"column":34}},"47":{"start":{"line":84,"column":12},"end":{"line":89,"column":13}},"48":{"start":{"line":84,"column":25},"end":{"line":84,"column":26}},"49":{"start":{"line":85,"column":16},"end":{"line":88,"column":17}},"50":{"start":{"line":86,"column":20},"end":{"line":86,"column":47}},"51":{"start":{"line":87,"column":20},"end":{"line":87,"column":33}},"52":{"start":{"line":91,"column":28},"end":{"line":91,"column":33}},"53":{"start":{"line":93,"column":12},"end":{"line":98,"column":13}},"54":{"start":{"line":93,"column":25},"end":{"line":93,"column":26}},"55":{"start":{"line":94,"column":16},"end":{"line":97,"column":17}},"56":{"start":{"line":95,"column":20},"end":{"line":95,"column":47}},"57":{"start":{"line":96,"column":20},"end":{"line":96,"column":33}},"58":{"start":{"line":101,"column":8},"end":{"line":101,"column":31}},"59":{"start":{"line":104,"column":23},"end":{"line":107,"column":5}},"60":{"start":{"line":105,"column":8},"end":{"line":105,"column":50}},"61":{"start":{"line":105,"column":40},"end":{"line":105,"column":50}},"62":{"start":{"line":106,"column":8},"end":{"line":106,"column":64}},"63":{"start":{"line":109,"column":19},"end":{"line":117,"column":5}},"64":{"start":{"line":110,"column":8},"end":{"line":116,"column":9}},"65":{"start":{"line":111,"column":12},"end":{"line":111,"column":78}},"66":{"start":{"line":112,"column":15},"end":{"line":116,"column":9}},"67":{"start":{"line":113,"column":12},"end":{"line":113,"column":60}},"68":{"start":{"line":114,"column":15},"end":{"line":116,"column":9}},"69":{"start":{"line":115,"column":12},"end":{"line":115,"column":55}},"70":{"start":{"line":119,"column":20},"end":{"line":135,"column":5}},"71":{"start":{"line":120,"column":24},"end":{"line":120,"column":46}},"72":{"start":{"line":121,"column":8},"end":{"line":121,"column":33}},"73":{"start":{"line":122,"column":8},"end":{"line":122,"column":44}},"74":{"start":{"line":123,"column":25},"end":{"line":123,"column":60}},"75":{"start":{"line":124,"column":8},"end":{"line":127,"column":9}},"76":{"start":{"line":125,"column":12},"end":{"line":125,"column":52}},"77":{"start":{"line":126,"column":12},"end":{"line":126,"column":21}},"78":{"start":{"line":128,"column":8},"end":{"line":131,"column":9}},"79":{"start":{"line":129,"column":12},"end":{"line":129,"column":52}},"80":{"start":{"line":130,"column":12},"end":{"line":130,"column":21}},"81":{"start":{"line":132,"column":8},"end":{"line":134,"column":9}},"82":{"start":{"line":137,"column":17},"end":{"line":167,"column":5}},"83":{"start":{"line":138,"column":25},"end":{"line":138,"column":70}},"84":{"start":{"line":139,"column":27},"end":{"line":139,"column":67}},"85":{"start":{"line":140,"column":8},"end":{"line":143,"column":9}},"86":{"start":{"line":141,"column":12},"end":{"line":141,"column":24}},"87":{"start":{"line":142,"column":12},"end":{"line":142,"column":56}},"88":{"start":{"line":144,"column":8},"end":{"line":158,"column":9}},"89":{"start":{"line":147,"column":12},"end":{"line":153,"column":13}},"90":{"start":{"line":148,"column":16},"end":{"line":148,"column":56}},"91":{"start":{"line":151,"column":16},"end":{"line":151,"column":48}},"92":{"start":{"line":152,"column":16},"end":{"line":152,"column":58}},"93":{"start":{"line":156,"column":12},"end":{"line":156,"column":89}},"94":{"start":{"line":157,"column":12},"end":{"line":157,"column":21}},"95":{"start":{"line":159,"column":8},"end":{"line":166,"column":9}},"96":{"start":{"line":169,"column":23},"end":{"line":184,"column":5}},"97":{"start":{"line":170,"column":28},"end":{"line":170,"column":76}},"98":{"start":{"line":171,"column":29},"end":{"line":171,"column":105}},"99":{"start":{"line":173,"column":8},"end":{"line":175,"column":9}},"100":{"start":{"line":173,"column":21},"end":{"line":173,"column":22}},"101":{"start":{"line":174,"column":12},"end":{"line":174,"column":29}},"102":{"start":{"line":176,"column":20},"end":{"line":176,"column":22}},"103":{"start":{"line":177,"column":8},"end":{"line":177,"column":142}},"104":{"start":{"line":177,"column":37},"end":{"line":177,"column":57}},"105":{"start":{"line":177,"column":58},"end":{"line":177,"column":122}},"106":{"start":{"line":177,"column":123},"end":{"line":177,"column":139}},"107":{"start":{"line":179,"column":8},"end":{"line":183,"column":9}},"108":{"start":{"line":186,"column":20},"end":{"line":188,"column":5}},"109":{"start":{"line":187,"column":8},"end":{"line":187,"column":53}},"110":{"start":{"line":190,"column":18},"end":{"line":193,"column":5}},"111":{"start":{"line":191,"column":8},"end":{"line":191,"column":46}},"112":{"start":{"line":192,"column":8},"end":{"line":192,"column":22}},"113":{"start":{"line":196,"column":4},"end":{"line":198,"column":6}},"114":{"start":{"line":201,"column":13},"end":{"line":201,"column":26}},"115":{"start":{"line":203,"column":0},"end":{"line":203,"column":28}}},"fnMap":{"0":{"name":"getId","decl":{"start":{"line":5,"column":9},"end":{"line":5,"column":14}},"loc":{"start":{"line":5,"column":19},"end":{"line":7,"column":1}},"line":5},"1":{"name":"(anonymous_1)","decl":{"start":{"line":10,"column":25},"end":{"line":10,"column":26}},"loc":{"start":{"line":10,"column":44},"end":{"line":13,"column":1}},"line":10},"2":{"name":"(anonymous_2)","decl":{"start":{"line":14,"column":20},"end":{"line":14,"column":21}},"loc":{"start":{"line":14,"column":26},"end":{"line":199,"column":1}},"line":14},"3":{"name":"(anonymous_3)","decl":{"start":{"line":20,"column":35},"end":{"line":20,"column":36}},"loc":{"start":{"line":20,"column":54},"end":{"line":42,"column":5}},"line":20},"4":{"name":"(anonymous_4)","decl":{"start":{"line":31,"column":46},"end":{"line":31,"column":47}},"loc":{"start":{"line":32,"column":12},"end":{"line":32,"column":79}},"line":32},"5":{"name":"(anonymous_5)","decl":{"start":{"line":34,"column":38},"end":{"line":34,"column":39}},"loc":{"start":{"line":34,"column":46},"end":{"line":38,"column":9}},"line":34},"6":{"name":"(anonymous_6)","decl":{"start":{"line":35,"column":27},"end":{"line":35,"column":28}},"loc":{"start":{"line":35,"column":34},"end":{"line":35,"column":64}},"line":35},"7":{"name":"checkForTie","decl":{"start":{"line":44,"column":13},"end":{"line":44,"column":24}},"loc":{"start":{"line":44,"column":27},"end":{"line":48,"column":5}},"line":44},"8":{"name":"(anonymous_8)","decl":{"start":{"line":45,"column":47},"end":{"line":45,"column":48}},"loc":{"start":{"line":45,"column":55},"end":{"line":45,"column":79}},"line":45},"9":{"name":"aiSelection","decl":{"start":{"line":50,"column":13},"end":{"line":50,"column":24}},"loc":{"start":{"line":50,"column":33},"end":{"line":102,"column":5}},"line":50},"10":{"name":"(anonymous_10)","decl":{"start":{"line":52,"column":47},"end":{"line":52,"column":48}},"loc":{"start":{"line":52,"column":55},"end":{"line":52,"column":79}},"line":52},"11":{"name":"(anonymous_11)","decl":{"start":{"line":104,"column":23},"end":{"line":104,"column":24}},"loc":{"start":{"line":104,"column":35},"end":{"line":107,"column":5}},"line":104},"12":{"name":"(anonymous_12)","decl":{"start":{"line":109,"column":19},"end":{"line":109,"column":20}},"loc":{"start":{"line":109,"column":25},"end":{"line":117,"column":5}},"line":109},"13":{"name":"(anonymous_13)","decl":{"start":{"line":119,"column":20},"end":{"line":119,"column":21}},"loc":{"start":{"line":119,"column":26},"end":{"line":135,"column":5}},"line":119},"14":{"name":"(anonymous_14)","decl":{"start":{"line":137,"column":17},"end":{"line":137,"column":18}},"loc":{"start":{"line":137,"column":27},"end":{"line":167,"column":5}},"line":137},"15":{"name":"(anonymous_15)","decl":{"start":{"line":169,"column":23},"end":{"line":169,"column":24}},"loc":{"start":{"line":169,"column":54},"end":{"line":184,"column":5}},"line":169},"16":{"name":"(anonymous_16)","decl":{"start":{"line":177,"column":27},"end":{"line":177,"column":28}},"loc":{"start":{"line":177,"column":35},"end":{"line":177,"column":140}},"line":177},"17":{"name":"(anonymous_17)","decl":{"start":{"line":186,"column":20},"end":{"line":186,"column":21}},"loc":{"start":{"line":186,"column":51},"end":{"line":188,"column":5}},"line":186},"18":{"name":"(anonymous_18)","decl":{"start":{"line":190,"column":18},"end":{"line":190,"column":19}},"loc":{"start":{"line":190,"column":58},"end":{"line":193,"column":5}},"line":190}},"branchMap":{"0":{"loc":{"start":{"line":32,"column":12},"end":{"line":32,"column":79}},"type":"cond-expr","locations":[{"start":{"line":32,"column":42},"end":{"line":32,"column":66}},{"start":{"line":32,"column":69},"end":{"line":32,"column":79}}],"line":32},"1":{"loc":{"start":{"line":35,"column":12},"end":{"line":37,"column":13}},"type":"if","locations":[{"start":{"line":35,"column":12},"end":{"line":37,"column":13}},{"start":{"line":35,"column":12},"end":{"line":37,"column":13}}],"line":35},"2":{"loc":{"start":{"line":46,"column":8},"end":{"line":46,"column":52}},"type":"if","locations":[{"start":{"line":46,"column":8},"end":{"line":46,"column":52}},{"start":{"line":46,"column":8},"end":{"line":46,"column":52}}],"line":46},"3":{"loc":{"start":{"line":53,"column":8},"end":{"line":60,"column":9}},"type":"if","locations":[{"start":{"line":53,"column":8},"end":{"line":60,"column":9}},{"start":{"line":53,"column":8},"end":{"line":60,"column":9}}],"line":53},"4":{"loc":{"start":{"line":56,"column":15},"end":{"line":60,"column":9}},"type":"if","locations":[{"start":{"line":56,"column":15},"end":{"line":60,"column":9}},{"start":{"line":56,"column":15},"end":{"line":60,"column":9}}],"line":56},"5":{"loc":{"start":{"line":58,"column":15},"end":{"line":60,"column":9}},"type":"if","locations":[{"start":{"line":58,"column":15},"end":{"line":60,"column":9}},{"start":{"line":58,"column":15},"end":{"line":60,"column":9}}],"line":58},"6":{"loc":{"start":{"line":69,"column":12},"end":{"line":75,"column":13}},"type":"if","locations":[{"start":{"line":69,"column":12},"end":{"line":75,"column":13}},{"start":{"line":69,"column":12},"end":{"line":75,"column":13}}],"line":69},"7":{"loc":{"start":{"line":81,"column":8},"end":{"line":99,"column":9}},"type":"if","locations":[{"start":{"line":81,"column":8},"end":{"line":99,"column":9}},{"start":{"line":81,"column":8},"end":{"line":99,"column":9}}],"line":81},"8":{"loc":{"start":{"line":85,"column":16},"end":{"line":88,"column":17}},"type":"if","locations":[{"start":{"line":85,"column":16},"end":{"line":88,"column":17}},{"start":{"line":85,"column":16},"end":{"line":88,"column":17}}],"line":85},"9":{"loc":{"start":{"line":94,"column":16},"end":{"line":97,"column":17}},"type":"if","locations":[{"start":{"line":94,"column":16},"end":{"line":97,"column":17}},{"start":{"line":94,"column":16},"end":{"line":97,"column":17}}],"line":94},"10":{"loc":{"start":{"line":105,"column":8},"end":{"line":105,"column":50}},"type":"if","locations":[{"start":{"line":105,"column":8},"end":{"line":105,"column":50}},{"start":{"line":105,"column":8},"end":{"line":105,"column":50}}],"line":105},"11":{"loc":{"start":{"line":110,"column":8},"end":{"line":116,"column":9}},"type":"if","locations":[{"start":{"line":110,"column":8},"end":{"line":116,"column":9}},{"start":{"line":110,"column":8},"end":{"line":116,"column":9}}],"line":110},"12":{"loc":{"start":{"line":112,"column":15},"end":{"line":116,"column":9}},"type":"if","locations":[{"start":{"line":112,"column":15},"end":{"line":116,"column":9}},{"start":{"line":112,"column":15},"end":{"line":116,"column":9}}],"line":112},"13":{"loc":{"start":{"line":114,"column":15},"end":{"line":116,"column":9}},"type":"if","locations":[{"start":{"line":114,"column":15},"end":{"line":116,"column":9}},{"start":{"line":114,"column":15},"end":{"line":116,"column":9}}],"line":114},"14":{"loc":{"start":{"line":124,"column":8},"end":{"line":127,"column":9}},"type":"if","locations":[{"start":{"line":124,"column":8},"end":{"line":127,"column":9}},{"start":{"line":124,"column":8},"end":{"line":127,"column":9}}],"line":124},"15":{"loc":{"start":{"line":128,"column":8},"end":{"line":131,"column":9}},"type":"if","locations":[{"start":{"line":128,"column":8},"end":{"line":131,"column":9}},{"start":{"line":128,"column":8},"end":{"line":131,"column":9}}],"line":128},"16":{"loc":{"start":{"line":140,"column":8},"end":{"line":143,"column":9}},"type":"if","locations":[{"start":{"line":140,"column":8},"end":{"line":143,"column":9}},{"start":{"line":140,"column":8},"end":{"line":143,"column":9}}],"line":140},"17":{"loc":{"start":{"line":144,"column":8},"end":{"line":158,"column":9}},"type":"if","locations":[{"start":{"line":144,"column":8},"end":{"line":158,"column":9}},{"start":{"line":144,"column":8},"end":{"line":158,"column":9}}],"line":144},"18":{"loc":{"start":{"line":147,"column":12},"end":{"line":153,"column":13}},"type":"if","locations":[{"start":{"line":147,"column":12},"end":{"line":153,"column":13}},{"start":{"line":147,"column":12},"end":{"line":153,"column":13}}],"line":147},"19":{"loc":{"start":{"line":156,"column":12},"end":{"line":156,"column":88}},"type":"cond-expr","locations":[{"start":{"line":156,"column":37},"end":{"line":156,"column":76}},{"start":{"line":156,"column":79},"end":{"line":156,"column":88}}],"line":156},"20":{"loc":{"start":{"line":190,"column":19},"end":{"line":190,"column":53}},"type":"default-arg","locations":[{"start":{"line":190,"column":26},"end":{"line":190,"column":53}}],"line":190}},"s":{"0":4,"1":1,"2":0,"3":0,"4":1,"5":3,"6":3,"7":3,"8":3,"9":1036029,"10":1036029,"11":9324261,"12":1036029,"13":1036029,"14":8288232,"15":13015745,"16":224904,"17":1036029,"18":1,"19":9,"20":1,"21":0,"22":1,"23":557530,"24":557530,"25":5017770,"26":557530,"27":79036,"28":478494,"29":133016,"30":345478,"31":46656,"32":298822,"33":298822,"34":298822,"35":557528,"36":557528,"37":557528,"38":557528,"39":295678,"40":295678,"41":261850,"42":261850,"43":557528,"44":557528,"45":298822,"46":182816,"47":182816,"48":182816,"49":295678,"50":206477,"51":206477,"52":116006,"53":116006,"54":116006,"55":261850,"56":158907,"57":158907,"58":298822,"59":3,"60":1,"61":0,"62":1,"63":3,"64":0,"65":0,"66":0,"67":0,"68":0,"69":0,"70":3,"71":2,"72":2,"73":2,"74":0,"75":0,"76":0,"77":0,"78":0,"79":0,"80":0,"81":0,"82":3,"83":4,"84":4,"85":4,"86":1,"87":1,"88":4,"89":1,"90":0,"91":1,"92":1,"93":1,"94":0,"95":3,"96":3,"97":2,"98":1,"99":1,"100":1,"101":0,"102":1,"103":1,"104":0,"105":0,"106":0,"107":1,"108":3,"109":2,"110":3,"111":1,"112":1,"113":3,"114":1,"115":1},"f":{"0":4,"1":0,"2":3,"3":1036029,"4":9324261,"5":8288232,"6":13015745,"7":1,"8":9,"9":557530,"10":5017770,"11":1,"12":0,"13":2,"14":4,"15":2,"16":0,"17":2,"18":1},"b":{"0":[3956594,5367667],"1":[224904,8063328],"2":[0,1],"3":[79036,478494],"4":[133016,345478],"5":[46656,298822],"6":[295678,261850],"7":[182816,116006],"8":[206477,89201],"9":[158907,102943],"10":[0,1],"11":[0,0],"12":[0,0],"13":[0,0],"14":[0,0],"15":[0,0],"16":[1,3],"17":[1,3],"18":[0,1],"19":[0,1],"20":[0]},"_coverageSchema":"1a1c01bbd47fc00a2c39e90264f33305004495a9","hash":"28bfb5aea981f90da7dc99cb69a64c4ca72defda"}
}
