{"C:\\Users\\USER\\Microverse\\tic-tac-toeJS\\src\\factoryPlayer.js": {"path":"C:\\Users\\USER\\Microverse\\tic-tac-toeJS\\src\\factoryPlayer.js","statementMap":{"0":{"start":{"line":3,"column":4},"end":{"line":3,"column":21}},"1":{"start":{"line":4,"column":4},"end":{"line":4,"column":22}}},"fnMap":{"0":{"name":"(anonymous_0)","decl":{"start":{"line":2,"column":2},"end":{"line":2,"column":3}},"loc":{"start":{"line":2,"column":20},"end":{"line":5,"column":3}},"line":2}},"branchMap":{},"s":{"0":2,"1":2},"f":{"0":2},"b":{},"_coverageSchema":"1a1c01bbd47fc00a2c39e90264f33305004495a9","hash":"afb039175c6ce894528be2869a1fbae1ea29be50"}
,"C:\\Users\\USER\\Microverse\\tic-tac-toeJS\\src\\script.js": {"path":"C:\\Users\\USER\\Microverse\\tic-tac-toeJS\\src\\script.js","statementMap":{"0":{"start":{"line":6,"column":2},"end":{"line":6,"column":37}},"1":{"start":{"line":10,"column":0},"end":{"line":13,"column":2}},"2":{"start":{"line":11,"column":20},"end":{"line":11,"column":34}},"3":{"start":{"line":12,"column":2},"end":{"line":12,"column":35}},"4":{"start":{"line":14,"column":20},"end":{"line":196,"column":1}},"5":{"start":{"line":15,"column":20},"end":{"line":15,"column":47}},"6":{"start":{"line":16,"column":21},"end":{"line":16,"column":61}},"7":{"start":{"line":18,"column":13},"end":{"line":18,"column":18}},"8":{"start":{"line":20,"column":33},"end":{"line":42,"column":3}},"9":{"start":{"line":21,"column":34},"end":{"line":30,"column":5}},"10":{"start":{"line":31,"column":25},"end":{"line":32,"column":79}},"11":{"start":{"line":32,"column":6},"end":{"line":32,"column":73}},"12":{"start":{"line":33,"column":18},"end":{"line":33,"column":22}},"13":{"start":{"line":34,"column":4},"end":{"line":38,"column":7}},"14":{"start":{"line":35,"column":6},"end":{"line":37,"column":7}},"15":{"start":{"line":35,"column":28},"end":{"line":35,"column":58}},"16":{"start":{"line":36,"column":8},"end":{"line":36,"column":32}},"17":{"start":{"line":39,"column":4},"end":{"line":41,"column":6}},"18":{"start":{"line":45,"column":26},"end":{"line":45,"column":76}},"19":{"start":{"line":45,"column":51},"end":{"line":45,"column":75}},"20":{"start":{"line":46,"column":4},"end":{"line":46,"column":48}},"21":{"start":{"line":46,"column":36},"end":{"line":46,"column":48}},"22":{"start":{"line":47,"column":4},"end":{"line":47,"column":17}},"23":{"start":{"line":51,"column":25},"end":{"line":51,"column":34}},"24":{"start":{"line":52,"column":26},"end":{"line":52,"column":76}},"25":{"start":{"line":52,"column":51},"end":{"line":52,"column":75}},"26":{"start":{"line":53,"column":4},"end":{"line":60,"column":5}},"27":{"start":{"line":54,"column":6},"end":{"line":54,"column":28}},"28":{"start":{"line":56,"column":11},"end":{"line":60,"column":5}},"29":{"start":{"line":57,"column":6},"end":{"line":57,"column":27}},"30":{"start":{"line":58,"column":11},"end":{"line":60,"column":5}},"31":{"start":{"line":59,"column":6},"end":{"line":59,"column":26}},"32":{"start":{"line":62,"column":18},"end":{"line":62,"column":20}},"33":{"start":{"line":64,"column":4},"end":{"line":78,"column":5}},"34":{"start":{"line":64,"column":17},"end":{"line":64,"column":18}},"35":{"start":{"line":65,"column":19},"end":{"line":65,"column":21}},"36":{"start":{"line":66,"column":6},"end":{"line":66,"column":47}},"37":{"start":{"line":67,"column":6},"end":{"line":67,"column":46}},"38":{"start":{"line":69,"column":6},"end":{"line":75,"column":7}},"39":{"start":{"line":70,"column":23},"end":{"line":70,"column":39}},"40":{"start":{"line":71,"column":8},"end":{"line":71,"column":34}},"41":{"start":{"line":73,"column":23},"end":{"line":73,"column":39}},"42":{"start":{"line":74,"column":8},"end":{"line":74,"column":34}},"43":{"start":{"line":76,"column":6},"end":{"line":76,"column":50}},"44":{"start":{"line":77,"column":6},"end":{"line":77,"column":23}},"45":{"start":{"line":81,"column":4},"end":{"line":99,"column":5}},"46":{"start":{"line":82,"column":22},"end":{"line":82,"column":28}},"47":{"start":{"line":84,"column":6},"end":{"line":89,"column":7}},"48":{"start":{"line":84,"column":19},"end":{"line":84,"column":20}},"49":{"start":{"line":85,"column":8},"end":{"line":88,"column":9}},"50":{"start":{"line":86,"column":10},"end":{"line":86,"column":37}},"51":{"start":{"line":87,"column":10},"end":{"line":87,"column":23}},"52":{"start":{"line":91,"column":22},"end":{"line":91,"column":27}},"53":{"start":{"line":93,"column":6},"end":{"line":98,"column":7}},"54":{"start":{"line":93,"column":19},"end":{"line":93,"column":20}},"55":{"start":{"line":94,"column":8},"end":{"line":97,"column":9}},"56":{"start":{"line":95,"column":10},"end":{"line":95,"column":37}},"57":{"start":{"line":96,"column":10},"end":{"line":96,"column":23}},"58":{"start":{"line":101,"column":4},"end":{"line":101,"column":27}},"59":{"start":{"line":104,"column":21},"end":{"line":107,"column":3}},"60":{"start":{"line":105,"column":4},"end":{"line":105,"column":46}},"61":{"start":{"line":105,"column":36},"end":{"line":105,"column":46}},"62":{"start":{"line":106,"column":4},"end":{"line":106,"column":60}},"63":{"start":{"line":109,"column":17},"end":{"line":117,"column":3}},"64":{"start":{"line":110,"column":4},"end":{"line":116,"column":5}},"65":{"start":{"line":111,"column":6},"end":{"line":111,"column":72}},"66":{"start":{"line":112,"column":11},"end":{"line":116,"column":5}},"67":{"start":{"line":113,"column":6},"end":{"line":113,"column":54}},"68":{"start":{"line":114,"column":11},"end":{"line":116,"column":5}},"69":{"start":{"line":115,"column":6},"end":{"line":115,"column":49}},"70":{"start":{"line":119,"column":18},"end":{"line":135,"column":3}},"71":{"start":{"line":120,"column":20},"end":{"line":120,"column":42}},"72":{"start":{"line":121,"column":4},"end":{"line":121,"column":29}},"73":{"start":{"line":122,"column":4},"end":{"line":122,"column":40}},"74":{"start":{"line":123,"column":21},"end":{"line":123,"column":56}},"75":{"start":{"line":124,"column":4},"end":{"line":127,"column":5}},"76":{"start":{"line":125,"column":6},"end":{"line":125,"column":46}},"77":{"start":{"line":126,"column":6},"end":{"line":126,"column":15}},"78":{"start":{"line":128,"column":4},"end":{"line":131,"column":5}},"79":{"start":{"line":129,"column":6},"end":{"line":129,"column":46}},"80":{"start":{"line":130,"column":6},"end":{"line":130,"column":15}},"81":{"start":{"line":132,"column":4},"end":{"line":134,"column":6}},"82":{"start":{"line":137,"column":15},"end":{"line":164,"column":3}},"83":{"start":{"line":138,"column":21},"end":{"line":138,"column":66}},"84":{"start":{"line":139,"column":23},"end":{"line":139,"column":63}},"85":{"start":{"line":140,"column":4},"end":{"line":143,"column":5}},"86":{"start":{"line":141,"column":6},"end":{"line":141,"column":18}},"87":{"start":{"line":142,"column":6},"end":{"line":142,"column":50}},"88":{"start":{"line":144,"column":4},"end":{"line":155,"column":5}},"89":{"start":{"line":146,"column":6},"end":{"line":151,"column":7}},"90":{"start":{"line":147,"column":8},"end":{"line":147,"column":48}},"91":{"start":{"line":149,"column":8},"end":{"line":149,"column":40}},"92":{"start":{"line":150,"column":8},"end":{"line":150,"column":51}},"93":{"start":{"line":153,"column":6},"end":{"line":153,"column":83}},"94":{"start":{"line":154,"column":6},"end":{"line":154,"column":15}},"95":{"start":{"line":156,"column":4},"end":{"line":163,"column":6}},"96":{"start":{"line":166,"column":21},"end":{"line":183,"column":3}},"97":{"start":{"line":167,"column":26},"end":{"line":167,"column":51}},"98":{"start":{"line":168,"column":4},"end":{"line":168,"column":41}},"99":{"start":{"line":169,"column":27},"end":{"line":169,"column":49}},"100":{"start":{"line":170,"column":4},"end":{"line":170,"column":73}},"101":{"start":{"line":172,"column":4},"end":{"line":174,"column":5}},"102":{"start":{"line":172,"column":17},"end":{"line":172,"column":18}},"103":{"start":{"line":173,"column":6},"end":{"line":173,"column":23}},"104":{"start":{"line":175,"column":18},"end":{"line":175,"column":20}},"105":{"start":{"line":176,"column":4},"end":{"line":176,"column":140}},"106":{"start":{"line":176,"column":33},"end":{"line":176,"column":53}},"107":{"start":{"line":176,"column":54},"end":{"line":176,"column":118}},"108":{"start":{"line":176,"column":119},"end":{"line":176,"column":136}},"109":{"start":{"line":178,"column":4},"end":{"line":182,"column":6}},"110":{"start":{"line":185,"column":18},"end":{"line":185,"column":86}},"111":{"start":{"line":185,"column":49},"end":{"line":185,"column":86}},"112":{"start":{"line":187,"column":16},"end":{"line":190,"column":3}},"113":{"start":{"line":188,"column":4},"end":{"line":188,"column":42}},"114":{"start":{"line":189,"column":4},"end":{"line":189,"column":18}},"115":{"start":{"line":193,"column":2},"end":{"line":195,"column":4}},"116":{"start":{"line":198,"column":13},"end":{"line":198,"column":26}},"117":{"start":{"line":200,"column":0},"end":{"line":200,"column":28}}},"fnMap":{"0":{"name":"getId","decl":{"start":{"line":5,"column":9},"end":{"line":5,"column":14}},"loc":{"start":{"line":5,"column":19},"end":{"line":7,"column":1}},"line":5},"1":{"name":"(anonymous_1)","decl":{"start":{"line":10,"column":25},"end":{"line":10,"column":26}},"loc":{"start":{"line":10,"column":44},"end":{"line":13,"column":1}},"line":10},"2":{"name":"(anonymous_2)","decl":{"start":{"line":14,"column":20},"end":{"line":14,"column":21}},"loc":{"start":{"line":14,"column":26},"end":{"line":196,"column":1}},"line":14},"3":{"name":"(anonymous_3)","decl":{"start":{"line":20,"column":33},"end":{"line":20,"column":34}},"loc":{"start":{"line":20,"column":52},"end":{"line":42,"column":3}},"line":20},"4":{"name":"(anonymous_4)","decl":{"start":{"line":31,"column":42},"end":{"line":31,"column":43}},"loc":{"start":{"line":32,"column":6},"end":{"line":32,"column":73}},"line":32},"5":{"name":"(anonymous_5)","decl":{"start":{"line":34,"column":34},"end":{"line":34,"column":35}},"loc":{"start":{"line":34,"column":42},"end":{"line":38,"column":5}},"line":34},"6":{"name":"(anonymous_6)","decl":{"start":{"line":35,"column":21},"end":{"line":35,"column":22}},"loc":{"start":{"line":35,"column":28},"end":{"line":35,"column":58}},"line":35},"7":{"name":"checkForTie","decl":{"start":{"line":44,"column":11},"end":{"line":44,"column":22}},"loc":{"start":{"line":44,"column":25},"end":{"line":48,"column":3}},"line":44},"8":{"name":"(anonymous_8)","decl":{"start":{"line":45,"column":43},"end":{"line":45,"column":44}},"loc":{"start":{"line":45,"column":51},"end":{"line":45,"column":75}},"line":45},"9":{"name":"aiSelection","decl":{"start":{"line":50,"column":11},"end":{"line":50,"column":22}},"loc":{"start":{"line":50,"column":31},"end":{"line":102,"column":3}},"line":50},"10":{"name":"(anonymous_10)","decl":{"start":{"line":52,"column":43},"end":{"line":52,"column":44}},"loc":{"start":{"line":52,"column":51},"end":{"line":52,"column":75}},"line":52},"11":{"name":"(anonymous_11)","decl":{"start":{"line":104,"column":21},"end":{"line":104,"column":22}},"loc":{"start":{"line":104,"column":33},"end":{"line":107,"column":3}},"line":104},"12":{"name":"(anonymous_12)","decl":{"start":{"line":109,"column":17},"end":{"line":109,"column":18}},"loc":{"start":{"line":109,"column":23},"end":{"line":117,"column":3}},"line":109},"13":{"name":"(anonymous_13)","decl":{"start":{"line":119,"column":18},"end":{"line":119,"column":19}},"loc":{"start":{"line":119,"column":24},"end":{"line":135,"column":3}},"line":119},"14":{"name":"(anonymous_14)","decl":{"start":{"line":137,"column":15},"end":{"line":137,"column":16}},"loc":{"start":{"line":137,"column":25},"end":{"line":164,"column":3}},"line":137},"15":{"name":"(anonymous_15)","decl":{"start":{"line":166,"column":21},"end":{"line":166,"column":22}},"loc":{"start":{"line":166,"column":52},"end":{"line":183,"column":3}},"line":166},"16":{"name":"(anonymous_16)","decl":{"start":{"line":176,"column":23},"end":{"line":176,"column":24}},"loc":{"start":{"line":176,"column":31},"end":{"line":176,"column":138}},"line":176},"17":{"name":"(anonymous_17)","decl":{"start":{"line":185,"column":18},"end":{"line":185,"column":19}},"loc":{"start":{"line":185,"column":49},"end":{"line":185,"column":86}},"line":185},"18":{"name":"(anonymous_18)","decl":{"start":{"line":187,"column":16},"end":{"line":187,"column":17}},"loc":{"start":{"line":187,"column":56},"end":{"line":190,"column":3}},"line":187}},"branchMap":{"0":{"loc":{"start":{"line":32,"column":6},"end":{"line":32,"column":73}},"type":"cond-expr","locations":[{"start":{"line":32,"column":36},"end":{"line":32,"column":60}},{"start":{"line":32,"column":63},"end":{"line":32,"column":73}}],"line":32},"1":{"loc":{"start":{"line":35,"column":6},"end":{"line":37,"column":7}},"type":"if","locations":[{"start":{"line":35,"column":6},"end":{"line":37,"column":7}},{"start":{"line":35,"column":6},"end":{"line":37,"column":7}}],"line":35},"2":{"loc":{"start":{"line":46,"column":4},"end":{"line":46,"column":48}},"type":"if","locations":[{"start":{"line":46,"column":4},"end":{"line":46,"column":48}},{"start":{"line":46,"column":4},"end":{"line":46,"column":48}}],"line":46},"3":{"loc":{"start":{"line":53,"column":4},"end":{"line":60,"column":5}},"type":"if","locations":[{"start":{"line":53,"column":4},"end":{"line":60,"column":5}},{"start":{"line":53,"column":4},"end":{"line":60,"column":5}}],"line":53},"4":{"loc":{"start":{"line":56,"column":11},"end":{"line":60,"column":5}},"type":"if","locations":[{"start":{"line":56,"column":11},"end":{"line":60,"column":5}},{"start":{"line":56,"column":11},"end":{"line":60,"column":5}}],"line":56},"5":{"loc":{"start":{"line":58,"column":11},"end":{"line":60,"column":5}},"type":"if","locations":[{"start":{"line":58,"column":11},"end":{"line":60,"column":5}},{"start":{"line":58,"column":11},"end":{"line":60,"column":5}}],"line":58},"6":{"loc":{"start":{"line":69,"column":6},"end":{"line":75,"column":7}},"type":"if","locations":[{"start":{"line":69,"column":6},"end":{"line":75,"column":7}},{"start":{"line":69,"column":6},"end":{"line":75,"column":7}}],"line":69},"7":{"loc":{"start":{"line":81,"column":4},"end":{"line":99,"column":5}},"type":"if","locations":[{"start":{"line":81,"column":4},"end":{"line":99,"column":5}},{"start":{"line":81,"column":4},"end":{"line":99,"column":5}}],"line":81},"8":{"loc":{"start":{"line":85,"column":8},"end":{"line":88,"column":9}},"type":"if","locations":[{"start":{"line":85,"column":8},"end":{"line":88,"column":9}},{"start":{"line":85,"column":8},"end":{"line":88,"column":9}}],"line":85},"9":{"loc":{"start":{"line":94,"column":8},"end":{"line":97,"column":9}},"type":"if","locations":[{"start":{"line":94,"column":8},"end":{"line":97,"column":9}},{"start":{"line":94,"column":8},"end":{"line":97,"column":9}}],"line":94},"10":{"loc":{"start":{"line":105,"column":4},"end":{"line":105,"column":46}},"type":"if","locations":[{"start":{"line":105,"column":4},"end":{"line":105,"column":46}},{"start":{"line":105,"column":4},"end":{"line":105,"column":46}}],"line":105},"11":{"loc":{"start":{"line":110,"column":4},"end":{"line":116,"column":5}},"type":"if","locations":[{"start":{"line":110,"column":4},"end":{"line":116,"column":5}},{"start":{"line":110,"column":4},"end":{"line":116,"column":5}}],"line":110},"12":{"loc":{"start":{"line":112,"column":11},"end":{"line":116,"column":5}},"type":"if","locations":[{"start":{"line":112,"column":11},"end":{"line":116,"column":5}},{"start":{"line":112,"column":11},"end":{"line":116,"column":5}}],"line":112},"13":{"loc":{"start":{"line":114,"column":11},"end":{"line":116,"column":5}},"type":"if","locations":[{"start":{"line":114,"column":11},"end":{"line":116,"column":5}},{"start":{"line":114,"column":11},"end":{"line":116,"column":5}}],"line":114},"14":{"loc":{"start":{"line":124,"column":4},"end":{"line":127,"column":5}},"type":"if","locations":[{"start":{"line":124,"column":4},"end":{"line":127,"column":5}},{"start":{"line":124,"column":4},"end":{"line":127,"column":5}}],"line":124},"15":{"loc":{"start":{"line":128,"column":4},"end":{"line":131,"column":5}},"type":"if","locations":[{"start":{"line":128,"column":4},"end":{"line":131,"column":5}},{"start":{"line":128,"column":4},"end":{"line":131,"column":5}}],"line":128},"16":{"loc":{"start":{"line":140,"column":4},"end":{"line":143,"column":5}},"type":"if","locations":[{"start":{"line":140,"column":4},"end":{"line":143,"column":5}},{"start":{"line":140,"column":4},"end":{"line":143,"column":5}}],"line":140},"17":{"loc":{"start":{"line":144,"column":4},"end":{"line":155,"column":5}},"type":"if","locations":[{"start":{"line":144,"column":4},"end":{"line":155,"column":5}},{"start":{"line":144,"column":4},"end":{"line":155,"column":5}}],"line":144},"18":{"loc":{"start":{"line":146,"column":6},"end":{"line":151,"column":7}},"type":"if","locations":[{"start":{"line":146,"column":6},"end":{"line":151,"column":7}},{"start":{"line":146,"column":6},"end":{"line":151,"column":7}}],"line":146},"19":{"loc":{"start":{"line":153,"column":6},"end":{"line":153,"column":82}},"type":"cond-expr","locations":[{"start":{"line":153,"column":31},"end":{"line":153,"column":70}},{"start":{"line":153,"column":73},"end":{"line":153,"column":82}}],"line":153},"20":{"loc":{"start":{"line":187,"column":17},"end":{"line":187,"column":51}},"type":"default-arg","locations":[{"start":{"line":187,"column":24},"end":{"line":187,"column":51}}],"line":187}},"s":{"0":4,"1":1,"2":0,"3":0,"4":1,"5":3,"6":3,"7":3,"8":3,"9":4,"10":4,"11":36,"12":4,"13":4,"14":32,"15":32,"16":0,"17":4,"18":0,"19":0,"20":0,"21":0,"22":0,"23":0,"24":0,"25":0,"26":0,"27":0,"28":0,"29":0,"30":0,"31":0,"32":0,"33":0,"34":0,"35":0,"36":0,"37":0,"38":0,"39":0,"40":0,"41":0,"42":0,"43":0,"44":0,"45":0,"46":0,"47":0,"48":0,"49":0,"50":0,"51":0,"52":0,"53":0,"54":0,"55":0,"56":0,"57":0,"58":0,"59":3,"60":1,"61":0,"62":1,"63":3,"64":0,"65":0,"66":0,"67":0,"68":0,"69":0,"70":3,"71":0,"72":0,"73":0,"74":0,"75":0,"76":0,"77":0,"78":0,"79":0,"80":0,"81":0,"82":3,"83":3,"84":3,"85":3,"86":1,"87":1,"88":3,"89":0,"90":0,"91":0,"92":0,"93":0,"94":0,"95":3,"96":3,"97":2,"98":2,"99":1,"100":1,"101":1,"102":1,"103":0,"104":1,"105":1,"106":0,"107":0,"108":0,"109":1,"110":3,"111":2,"112":3,"113":1,"114":1,"115":3,"116":1,"117":1},"f":{"0":4,"1":0,"2":3,"3":4,"4":36,"5":32,"6":32,"7":0,"8":0,"9":0,"10":0,"11":1,"12":0,"13":0,"14":3,"15":2,"16":0,"17":2,"18":1},"b":{"0":[0,36],"1":[0,32],"2":[0,0],"3":[0,0],"4":[0,0],"5":[0,0],"6":[0,0],"7":[0,0],"8":[0,0],"9":[0,0],"10":[0,1],"11":[0,0],"12":[0,0],"13":[0,0],"14":[0,0],"15":[0,0],"16":[1,2],"17":[0,3],"18":[0,0],"19":[0,0],"20":[0]},"_coverageSchema":"1a1c01bbd47fc00a2c39e90264f33305004495a9","hash":"e6c318f47bd7af0d5d3b5d47d52ca24a11d25f98"}
}
