TN:
SF:src\factoryPlayer.js
FN:2,(anonymous_0)
FNF:1
FNH:1
FNDA:2,(anonymous_0)
DA:3,2
DA:4,2
LF:2
LH:2
BRF:0
BRH:0
end_of_record
TN:
SF:src\script.js
FN:5,getId
FN:10,(anonymous_1)
FN:14,(anonymous_2)
FN:20,(anonymous_3)
FN:31,(anonymous_4)
FN:34,(anonymous_5)
FN:35,(anonymous_6)
FN:44,checkForTie
FN:45,(anonymous_8)
FN:50,aiSelection
FN:52,(anonymous_10)
FN:104,(anonymous_11)
FN:109,(anonymous_12)
FN:119,(anonymous_13)
FN:137,(anonymous_14)
FN:166,(anonymous_15)
FN:176,(anonymous_16)
FN:185,(anonymous_17)
FN:187,(anonymous_18)
FNF:19
FNH:11
FNDA:4,getId
FNDA:0,(anonymous_1)
FNDA:3,(anonymous_2)
FNDA:4,(anonymous_3)
FNDA:36,(anonymous_4)
FNDA:32,(anonymous_5)
FNDA:32,(anonymous_6)
FNDA:0,checkForTie
FNDA:0,(anonymous_8)
FNDA:0,aiSelection
FNDA:0,(anonymous_10)
FNDA:1,(anonymous_11)
FNDA:0,(anonymous_12)
FNDA:0,(anonymous_13)
FNDA:3,(anonymous_14)
FNDA:2,(anonymous_15)
FNDA:0,(anonymous_16)
FNDA:2,(anonymous_17)
FNDA:1,(anonymous_18)
DA:6,4
DA:10,1
DA:11,0
DA:12,0
DA:14,1
DA:15,3
DA:16,3
DA:18,3
DA:20,3
DA:21,4
DA:31,4
DA:32,36
DA:33,4
DA:34,4
DA:35,32
DA:36,0
DA:39,4
DA:45,0
DA:46,0
DA:47,0
DA:51,0
DA:52,0
DA:53,0
DA:54,0
DA:56,0
DA:57,0
DA:58,0
DA:59,0
DA:62,0
DA:64,0
DA:65,0
DA:66,0
DA:67,0
DA:69,0
DA:70,0
DA:71,0
DA:73,0
DA:74,0
DA:76,0
DA:77,0
DA:81,0
DA:82,0
DA:84,0
DA:85,0
DA:86,0
DA:87,0
DA:91,0
DA:93,0
DA:94,0
DA:95,0
DA:96,0
DA:101,0
DA:104,3
DA:105,1
DA:106,1
DA:109,3
DA:110,0
DA:111,0
DA:112,0
DA:113,0
DA:114,0
DA:115,0
DA:119,3
DA:120,0
DA:121,0
DA:122,0
DA:123,0
DA:124,0
DA:125,0
DA:126,0
DA:128,0
DA:129,0
DA:130,0
DA:132,0
DA:137,3
DA:138,3
DA:139,3
DA:140,3
DA:141,1
DA:142,1
DA:144,3
DA:146,0
DA:147,0
DA:149,0
DA:150,0
DA:153,0
DA:154,0
DA:156,3
DA:166,3
DA:167,2
DA:168,2
DA:169,1
DA:170,1
DA:172,1
DA:173,0
DA:175,1
DA:176,1
DA:178,1
DA:185,3
DA:187,3
DA:188,1
DA:189,1
DA:193,3
DA:198,1
DA:200,1
LF:105
LH:43
BRDA:32,0,0,0
BRDA:32,0,1,36
BRDA:35,1,0,0
BRDA:35,1,1,32
BRDA:46,2,0,0
BRDA:46,2,1,0
BRDA:53,3,0,0
BRDA:53,3,1,0
BRDA:56,4,0,0
BRDA:56,4,1,0
BRDA:58,5,0,0
BRDA:58,5,1,0
BRDA:69,6,0,0
BRDA:69,6,1,0
BRDA:81,7,0,0
BRDA:81,7,1,0
BRDA:85,8,0,0
BRDA:85,8,1,0
BRDA:94,9,0,0
BRDA:94,9,1,0
BRDA:105,10,0,0
BRDA:105,10,1,1
BRDA:110,11,0,0
BRDA:110,11,1,0
BRDA:112,12,0,0
BRDA:112,12,1,0
BRDA:114,13,0,0
BRDA:114,13,1,0
BRDA:124,14,0,0
BRDA:124,14,1,0
BRDA:128,15,0,0
BRDA:128,15,1,0
BRDA:140,16,0,1
BRDA:140,16,1,2
BRDA:144,17,0,0
BRDA:144,17,1,3
BRDA:146,18,0,0
BRDA:146,18,1,0
BRDA:153,19,0,0
BRDA:153,19,1,0
BRDA:187,20,0,0
BRF:41
BRH:6
end_of_record
