TN:
SF:src\factoryPlayer.js
FN:2,(anonymous_0)
FNF:1
FNH:1
FNDA:2,(anonymous_0)
DA:3,2
DA:4,2
LF:2
LH:2
BRF:0
BRH:0
end_of_record
TN:
SF:src\script.js
FN:5,getId
FN:10,(anonymous_1)
FN:14,(anonymous_2)
FN:20,(anonymous_3)
FN:31,(anonymous_4)
FN:34,(anonymous_5)
FN:35,(anonymous_6)
FN:44,checkForTie
FN:45,(anonymous_8)
FN:50,aiSelection
FN:52,(anonymous_10)
FN:104,(anonymous_11)
FN:109,(anonymous_12)
FN:119,(anonymous_13)
FN:137,(anonymous_14)
FN:169,(anonymous_15)
FN:177,(anonymous_16)
FN:186,(anonymous_17)
FN:190,(anonymous_18)
FNF:19
FNH:16
FNDA:4,getId
FNDA:0,(anonymous_1)
FNDA:3,(anonymous_2)
FNDA:1036029,(anonymous_3)
FNDA:9324261,(anonymous_4)
FNDA:8288232,(anonymous_5)
FNDA:13015745,(anonymous_6)
FNDA:1,checkForTie
FNDA:9,(anonymous_8)
FNDA:557530,aiSelection
FNDA:5017770,(anonymous_10)
FNDA:1,(anonymous_11)
FNDA:0,(anonymous_12)
FNDA:2,(anonymous_13)
FNDA:4,(anonymous_14)
FNDA:2,(anonymous_15)
FNDA:0,(anonymous_16)
FNDA:2,(anonymous_17)
FNDA:1,(anonymous_18)
DA:6,4
DA:10,1
DA:11,0
DA:12,0
DA:14,1
DA:15,3
DA:16,3
DA:18,3
DA:20,3
DA:21,1036029
DA:31,1036029
DA:32,9324261
DA:33,1036029
DA:34,1036029
DA:35,13015745
DA:36,224904
DA:39,1036029
DA:45,9
DA:46,1
DA:47,1
DA:51,557530
DA:52,5017770
DA:53,557530
DA:54,79036
DA:56,478494
DA:57,133016
DA:58,345478
DA:59,46656
DA:62,298822
DA:64,298822
DA:65,557528
DA:66,557528
DA:67,557528
DA:69,557528
DA:70,295678
DA:71,295678
DA:73,261850
DA:74,261850
DA:76,557528
DA:77,557528
DA:81,298822
DA:82,182816
DA:84,182816
DA:85,295678
DA:86,206477
DA:87,206477
DA:91,116006
DA:93,116006
DA:94,261850
DA:95,158907
DA:96,158907
DA:101,298822
DA:104,3
DA:105,1
DA:106,1
DA:109,3
DA:110,0
DA:111,0
DA:112,0
DA:113,0
DA:114,0
DA:115,0
DA:119,3
DA:120,2
DA:121,2
DA:122,2
DA:123,0
DA:124,0
DA:125,0
DA:126,0
DA:128,0
DA:129,0
DA:130,0
DA:132,0
DA:137,3
DA:138,4
DA:139,4
DA:140,4
DA:141,1
DA:142,1
DA:144,4
DA:147,1
DA:148,0
DA:151,1
DA:152,1
DA:156,1
DA:157,0
DA:159,3
DA:169,3
DA:170,2
DA:171,1
DA:173,1
DA:174,0
DA:176,1
DA:177,1
DA:179,1
DA:186,3
DA:187,2
DA:190,3
DA:191,1
DA:192,1
DA:196,3
DA:201,1
DA:203,1
LF:104
LH:85
BRDA:32,0,0,3956594
BRDA:32,0,1,5367667
BRDA:35,1,0,224904
BRDA:35,1,1,8063328
BRDA:46,2,0,0
BRDA:46,2,1,1
BRDA:53,3,0,79036
BRDA:53,3,1,478494
BRDA:56,4,0,133016
BRDA:56,4,1,345478
BRDA:58,5,0,46656
BRDA:58,5,1,298822
BRDA:69,6,0,295678
BRDA:69,6,1,261850
BRDA:81,7,0,182816
BRDA:81,7,1,116006
BRDA:85,8,0,206477
BRDA:85,8,1,89201
BRDA:94,9,0,158907
BRDA:94,9,1,102943
BRDA:105,10,0,0
BRDA:105,10,1,1
BRDA:110,11,0,0
BRDA:110,11,1,0
BRDA:112,12,0,0
BRDA:112,12,1,0
BRDA:114,13,0,0
BRDA:114,13,1,0
BRDA:124,14,0,0
BRDA:124,14,1,0
BRDA:128,15,0,0
BRDA:128,15,1,0
BRDA:140,16,0,1
BRDA:140,16,1,3
BRDA:144,17,0,1
BRDA:144,17,1,3
BRDA:147,18,0,0
BRDA:147,18,1,1
BRDA:156,19,0,0
BRDA:156,19,1,1
BRDA:190,20,0,0
BRF:41
BRH:26
end_of_record
